Solver command line: ['C:\\gurobi1001\\win64\\bin\\gurobi.bat']

Set parameter Username
Academic license - for non-commercial use only - expires 2024-02-03
Read LP format model from file C:\Users\18645\AppData\Local\Temp\tmphi5yvdr4.pyomo.lp
Reading time = 0.02 seconds
x1: 605 rows, 12485 columns, 39765 nonzeros
Gurobi Optimizer version 10.0.1 build v10.0.1rc0 (win64)

CPU model: AMD Ryzen 5 5625U with Radeon Graphics, instruction set [SSE2|AVX|AVX2]
Thread count: 6 physical cores, 12 logical processors, using up to 12 threads

Optimize a model with 605 rows, 12485 columns and 39765 nonzeros
Model fingerprint: 0xcea67eef
Variable types: 330 continuous, 12155 integer (0 binary)
Coefficient statistics:
  Matrix range     [1e+00, 7e+04]
  Objective range  [1e+00, 1e+00]
  Bounds range     [1e+00, 3e+04]
  RHS range        [1e+00, 1e+00]
Presolve removed 275 rows and 385 columns
Presolve time: 0.05s
Presolved: 330 rows, 12100 columns, 38995 nonzeros
Variable types: 0 continuous, 12100 integer (11990 binary)

Root relaxation: objective 8.328334e+01, 2408 iterations, 0.08 seconds (0.17 work units)

    Nodes    |    Current Node    |     Objective Bounds      |     Work
 Expl Unexpl |  Obj  Depth IntInf | Incumbent    BestBd   Gap | It/Node Time

     0     0   83.28334    0   55          -   83.28334      -     -    0s
     0     0   83.28334    0   55          -   83.28334      -     -    0s
     0     0   72.58893    0   70          -   72.58893      -     -    0s
     0     0   70.80282    0   84          -   70.80282      -     -    0s
     0     0   70.80282    0   75          -   70.80282      -     -    1s
     0     2   70.80279    0   75          -   70.80279      -     -    1s
    75     9   20.24333   32   81          -   56.58062      -  1592    5s
   218    24   54.91973   66  200          -   55.33245      -  1585   10s
   371   166   55.01722   79  192          -   55.33245      -  1204   15s
  1019  1248   55.22552  189  202          -   55.33245      -   586   21s
  1627  1253   55.33245   13  174          -   55.33245      -   4.1   25s
  1678  1243   17.47542   25   92          -   55.33245      -  54.0   30s
  1835  1195 infeasible   56               -   55.20238      -   159   35s
  1953  1147 infeasible   62               -    1.38834      -   257   40s
  1993  1134    0.51419   69  203          -    0.58518      -   294   45s

Explored 2138 nodes (1349157 simplex iterations) in 49.54 seconds (119.87 work units)
Thread count was 12 (of 12 available processors)

Solution count 0
No other solutions better than -1e+100

Model is infeasible or unbounded
Best objective -, best bound -, gap -

